✔️ New iteration started✔️ Data is successfully retrieved from DB.✔️ Data is successfully sorted.✔️ Working with API-key`s set: ewogICJ0eXBlIjogInNlcnZpY2VfYWNjb3VudCIsCiAgInByb2plY3RfaWQiOiAidGhpbmtpbmctcHJpc20tMzkzMzE0IiwKICAi.
✔️ Working with Kobo-form`s set: https://kobo.humanitarianresponse.info/api/v2/assets/aHdZtSDEkewFXdwkPbkkEx/export-settings/esCXWYsrMLbkHjskiAYBehE/data.csv.
✔️ Working with API-key`s set: ewogICJ0eXBlIjogInNlcnZpY2VfYWNjb3VudCIsCiAgInByb2plY3RfaWQiOiAic3BhcnRhbi1pbXBhY3QtMzk2NzA5IiwKICAi.
Founded old URL, changed to new domen: https://eu.kobotoolbox.org/api/v2/assets/aHdZtSDEkewFXdwkPbkkEx/export-settings/esCXWYsrMLbkHjskiAYBehE/data.csv✔️ Working with API-key`s set: ewogICJ0eXBlIjogInNlcnZpY2VfYWNjb3VudCIsCiAgInByb2plY3RfaWQiOiAibWljcm8tbGliZXJ0eS0zOTQwMTIiLAogICJw.
✔️ Working with Kobo-form`s set: https://kobo.humanitarianresponse.info/api/v2/assets/aGDEpVAbtJYGi2JEbbFh3T/export-settings/esMA8Q3KZaoUppCThFe8reQ/data.csv.
✔️ Working with Kobo-form`s set: https://kobo.humanitarianresponse.info/api/v2/assets/a56y48UCYf6TodQxLqvx2d/export-settings/es7dYHNwNaLs3zVToeUoQ7Y/data.csv.
Founded old URL, changed to new domen: https://eu.kobotoolbox.org/api/v2/assets/aGDEpVAbtJYGi2JEbbFh3T/export-settings/esMA8Q3KZaoUppCThFe8reQ/data.csv✔️ Working with API-key`s set: ewogICJ0eXBlIjogInNlcnZpY2VfYWNjb3VudCIsCiAgInByb2plY3RfaWQiOiAibGluZWFyLXBvaW50ZXItMzk2MTE0IiwKICAi.
Founded old URL, changed to new domen: https://eu.kobotoolbox.org/api/v2/assets/a56y48UCYf6TodQxLqvx2d/export-settings/es7dYHNwNaLs3zVToeUoQ7Y/data.csv✔️ Working with Kobo-form`s set: https://kobo.humanitarianresponse.info/api/v2/assets/aPQmFp4cDCNSR8YFMhRUUM/export-settings/es5eHcTFPCpBgn66mQ7L8yD/data.csv.
Founded old URL, changed to new domen: https://eu.kobotoolbox.org/api/v2/assets/aPQmFp4cDCNSR8YFMhRUUM/export-settings/es5eHcTFPCpBgn66mQ7L8yD/data.csv✔️ Info is obtained from form: Lubny_ F&H2_(In_kind) successful.
✔️ Info is obtained from form: BORYSLAV_EA_continued_in-kind successful.
✔️ New iteration started
✔️ Data is successfully retrieved from DB.
✔️ Data is successfully sorted.
✔️ Working with API-key`s set: ewogICJ0eXBlIjogInNlcnZpY2VfYWNjb3VudCIsCiAgInByb2plY3RfaWQiOiAibGluZWFyLXBvaW50ZXItMzk2MTE0IiwKICAi.
✔️ Working with Kobo-form`s set: https://kobo.humanitarianresponse.info/api/v2/assets/aTSrEV28UfzNsBNTviss8u/export-settings/esB6s4jsPThUymfhcZbGZ3o/data.csv.
Founded old URL, changed to new domen: https://eu.kobotoolbox.org/api/v2/assets/aTSrEV28UfzNsBNTviss8u/export-settings/esB6s4jsPThUymfhcZbGZ3o/data.csv✔️ Working with API-key`s set: ewogICJ0eXBlIjogInNlcnZpY2VfYWNjb3VudCIsCiAgInByb2plY3RfaWQiOiAidGhpbmtpbmctcHJpc20tMzkzMzE0IiwKICAi.
✔️ Working with API-key`s set: ewogICJ0eXBlIjogInNlcnZpY2VfYWNjb3VudCIsCiAgInByb2plY3RfaWQiOiAibWljcm8tbGliZXJ0eS0zOTQwMTIiLAogICJw.
✔️ Working with Kobo-form`s set: https://kobo.humanitarianresponse.info/api/v2/assets/a438LabUoxkJUPPKeb7zwb/export-settings/es9RQeutiSDGp75nDof5N73/data.csv.
✔️ Working with API-key`s set: ewogICJ0eXBlIjogInNlcnZpY2VfYWNjb3VudCIsCiAgInByb2plY3RfaWQiOiAic3BhcnRhbi1pbXBhY3QtMzk2NzA5IiwKICAi.
Founded old URL, changed to new domen: https://eu.kobotoolbox.org/api/v2/assets/a438LabUoxkJUPPKeb7zwb/export-settings/es9RQeutiSDGp75nDof5N73/data.csv✔️ Working with Kobo-form`s set: https://kobo.humanitarianresponse.info/api/v2/assets/aHYq3hGo2dnZBs5DpnYsbp/export-settings/esEiFWZbdwEW4qVNB2AaxKA/data.csv.
✔️ Working with Kobo-form`s set: https://eu.kobotoolbox.org/api/v2/assets/aLi4DPRYms6dkRUbuDGwTq/export-settings/eseeRdpjDiRmZ8tvKi7KoCs/data.csv.
Founded old URL, changed to new domen: https://eu.kobotoolbox.org/api/v2/assets/aHYq3hGo2dnZBs5DpnYsbp/export-settings/esEiFWZbdwEW4qVNB2AaxKA/data.csv✔️ Info is obtained from form: KAMIANSKE_psychologists_долаючи_розломи successful.
✔️ KAMIANSKE_psychologists_долаючи_розломи -> KMS BD PSS - success (id 174).
✔️ Working with Kobo-form`s set: https://eu.kobotoolbox.org/api/v2/assets/aH7AfuFfwcyu5aWRxD59QV/export-settings/es9SvoYw5UGYhTXDC9ai3EF/data.csv.
✔️ Info is obtained from form: ZAPORIZHZHIA_Basic_Needs_2 successful.
2023-09-28 23:15:44✔️ New iteration started
2023-09-28 23:15:45✔️ Data is successfully retrieved from DB.
2023-09-28 23:15:45✔️ Data is successfully sorted.
2023-09-28 23:15:45✔️ Working with API-key`s set: ewogICJ0eXBlIjogInNlcnZpY2VfYWNjb3VudCIsCiAgInByb2plY3RfaWQiOiAibGluZWFyLXBvaW50ZXItMzk2MTE0IiwKICAi.
2023-09-28 23:15:45✔️ Working with Kobo-form`s set: https://eu.kobotoolbox.org/api/v2/assets/a4mqwTxHJfwJw6cwbfC2Q7/export-settings/esKSreNdahejo6MfrA97vzR/data.csv.
2023-09-28 23:15:45✔️ Working with API-key`s set: ewogICJ0eXBlIjogInNlcnZpY2VfYWNjb3VudCIsCiAgInByb2plY3RfaWQiOiAibWljcm8tbGliZXJ0eS0zOTQwMTIiLAogICJw.
2023-09-28 23:15:45✔️ Working with API-key`s set: ewogICJ0eXBlIjogInNlcnZpY2VfYWNjb3VudCIsCiAgInByb2plY3RfaWQiOiAic3BhcnRhbi1pbXBhY3QtMzk2NzA5IiwKICAi.
2023-09-28 23:15:45✔️ Working with Kobo-form`s set: https://kobo.humanitarianresponse.info/api/v2/assets/a9zZxjxS9gmyRXmt5XaerS/export-settings/es7h5pQDfjhtLpkYjNjU4Rg/data.csv.
2023-09-28 23:15:45✔️ Working with API-key`s set: ewogICJ0eXBlIjogInNlcnZpY2VfYWNjb3VudCIsCiAgInByb2plY3RfaWQiOiAidGhpbmtpbmctcHJpc20tMzkzMzE0IiwKICAi.
2023-09-28 23:15:45Founded old URL, changed to new domen: https://eu.kobotoolbox.org/api/v2/assets/a9zZxjxS9gmyRXmt5XaerS/export-settings/es7h5pQDfjhtLpkYjNjU4Rg/data.csv2023-09-28 23:15:45✔️ Working with Kobo-form`s set: https://kobo.humanitarianresponse.info/api/v2/assets/a84q6f8TTy4ov3ohK3kVxv/export-settings/esAMjCAn9ekjukRRVPxYtLY/data.csv.
2023-09-28 23:15:45Founded old URL, changed to new domen: https://eu.kobotoolbox.org/api/v2/assets/a84q6f8TTy4ov3ohK3kVxv/export-settings/esAMjCAn9ekjukRRVPxYtLY/data.csv2023-09-28 23:15:45✔️ Working with Kobo-form`s set: https://kobo.humanitarianresponse.info/api/v2/assets/a52yrUHyrXyDSGzHiKWEnv/export-settings/es6MDreAADooqhnQptQ9dWt/data.csv.
2023-09-28 23:15:45Founded old URL, changed to new domen: https://eu.kobotoolbox.org/api/v2/assets/a52yrUHyrXyDSGzHiKWEnv/export-settings/es6MDreAADooqhnQptQ9dWt/data.csv2023-09-28 23:15:48✔️ Info is obtained from form: LVIV_cordaid_protection successful.
2023-09-28 23:15:49✔️ Info is obtained from form: Тест Автоімпорту successful.
2023-09-28 23:15:49✔️ Info is obtained from form: VOLNOVAKHA_Basic_Needs_2 successful.
2023-09-28 23:16:10: ✔️ New iteration started
2023-09-28 23:16:11: ✔️ Data is successfully retrieved from DB.
2023-09-28 23:16:11: ✔️ Data is successfully sorted.
2023-09-28 23:16:11: ✔️ Working with API-key`s set: ewogICJ0eXBlIjogInNlcnZpY2VfYWNjb3VudCIsCiAgInByb2plY3RfaWQiOiAidGhpbmtpbmctcHJpc20tMzkzMzE0IiwKICAi.
2023-09-28 23:16:11: ✔️ Working with Kobo-form`s set: https://kobo.humanitarianresponse.info/api/v2/assets/aS7yqN3TRD8CcWvEBaFTrT/export-settings/esKqaxFsf5Dqtr9jUMtVwez/data.csv.
2023-09-28 23:16:11: ✔️ Working with API-key`s set: ewogICJ0eXBlIjogInNlcnZpY2VfYWNjb3VudCIsCiAgInByb2plY3RfaWQiOiAic3BhcnRhbi1pbXBhY3QtMzk2NzA5IiwKICAi.
2023-09-28 23:16:11: Founded old URL, changed to new domen: https://eu.kobotoolbox.org/api/v2/assets/aS7yqN3TRD8CcWvEBaFTrT/export-settings/esKqaxFsf5Dqtr9jUMtVwez/data.csv2023-09-28 23:16:11: ✔️ Working with API-key`s set: ewogICJ0eXBlIjogInNlcnZpY2VfYWNjb3VudCIsCiAgInByb2plY3RfaWQiOiAibGluZWFyLXBvaW50ZXItMzk2MTE0IiwKICAi.
2023-09-28 23:16:11: ✔️ Working with Kobo-form`s set: https://eu.kobotoolbox.org/api/v2/assets/aCQNKQ5rU5S8bLTwM8mymu/export-settings/esCjMCDTvyJe4Z9RSxrHPCf/data.csv.
2023-09-28 23:16:11: ✔️ Working with Kobo-form`s set: https://kobo.humanitarianresponse.info/api/v2/assets/aTbpruoSrwijoFq3u29LNL/export-settings/esGc7k6RujNKppqSTDUb4nb/data.csv.
2023-09-28 23:16:11: Founded old URL, changed to new domen: https://eu.kobotoolbox.org/api/v2/assets/aTbpruoSrwijoFq3u29LNL/export-settings/esGc7k6RujNKppqSTDUb4nb/data.csv2023-09-28 23:16:11: ✔️ Working with API-key`s set: ewogICJ0eXBlIjogInNlcnZpY2VfYWNjb3VudCIsCiAgInByb2plY3RfaWQiOiAibWljcm8tbGliZXJ0eS0zOTQwMTIiLAogICJw.
2023-09-28 23:16:11: ✔️ Working with Kobo-form`s set: https://kobo.humanitarianresponse.info/api/v2/assets/a38k5sgHnorQBvcXFh4xjM/export-settings/esQGT34hc6y8DAEDNitk67i/data.csv.
2023-09-28 23:16:11: Founded old URL, changed to new domen: https://eu.kobotoolbox.org/api/v2/assets/a38k5sgHnorQBvcXFh4xjM/export-settings/esQGT34hc6y8DAEDNitk67i/data.csv2023-09-28 23:16:12: ✔️ Info is obtained from form: KOLOMYYA_SHELTERS_LEAVING successful.
